{
  "RSpec": {
    "coverage": {
      "/Users/urielvalle/Projects/login-api/app/controllers/bands_controller.rb": [
        null,
        null,
        1,
        1,
        1,
        null,
        1,
        2,
        null,
        2,
        null,
        null,
        1,
        0,
        null,
        null,
        1,
        3,
        null,
        3,
        2,
        null,
        1,
        null,
        null,
        null,
        1,
        2,
        1,
        null,
        1,
        null,
        null,
        null,
        1,
        2,
        null,
        null,
        1,
        null,
        1,
        4,
        null,
        null,
        1,
        5,
        null,
        null
      ],
      "/Users/urielvalle/Projects/login-api/app/controllers/application_controller.rb": [
        null,
        null,
        1,
        1,
        0,
        null,
        null,
        1,
        19,
        19,
        18,
        null,
        18,
        0,
        0,
        null,
        null,
        null,
        null,
        1,
        19,
        19,
        18,
        18,
        null,
        null,
        null,
        1,
        10,
        null,
        null
      ],
      "/Users/urielvalle/Projects/login-api/app/models/band.rb": [
        1,
        1,
        1,
        null
      ],
      "/Users/urielvalle/Projects/login-api/app/models/application_record.rb": [
        1,
        1,
        null
      ],
      "/Users/urielvalle/Projects/login-api/app/models/user.rb": [
        null,
        null,
        1,
        1,
        1,
        null,
        1,
        1,
        null,
        1,
        9,
        null,
        null
      ],
      "/Users/urielvalle/Projects/login-api/app/channels/application_cable/channel.rb": [
        0,
        0,
        0,
        0
      ],
      "/Users/urielvalle/Projects/login-api/app/channels/application_cable/connection.rb": [
        0,
        0,
        0,
        0
      ],
      "/Users/urielvalle/Projects/login-api/app/controllers/users_controller.rb": [
        null,
        null,
        0,
        0,
        null,
        0,
        0,
        0,
        0,
        0,
        0,
        0,
        0,
        0,
        0,
        null,
        0,
        0,
        0,
        0,
        null,
        0,
        0,
        0,
        0,
        0,
        0,
        0,
        0,
        0,
        null,
        0,
        null,
        0,
        0,
        0,
        0
      ],
      "/Users/urielvalle/Projects/login-api/app/jobs/application_job.rb": [
        0,
        null,
        null,
        null,
        null,
        null,
        0
      ],
      "/Users/urielvalle/Projects/login-api/app/mailers/application_mailer.rb": [
        0,
        0,
        0,
        0
      ]
    },
    "timestamp": 1675460895
  }
}
