{
  "RSpec": {
    "coverage": {
      "/Users/urielvalle/Projects/login-api/app/channels/application_cable/channel.rb": [
        0,
        0,
        0,
        0
      ],
      "/Users/urielvalle/Projects/login-api/app/channels/application_cable/connection.rb": [
        0,
        0,
        0,
        0
      ],
      "/Users/urielvalle/Projects/login-api/app/controllers/application_controller.rb": [
        null,
        null,
        0,
        0,
        0,
        0,
        null,
        0,
        0,
        0,
        0,
        0,
        0,
        0,
        0,
        0,
        0,
        0,
        null,
        0,
        0,
        0,
        0,
        0,
        0,
        0,
        null,
        0,
        0,
        0,
        0
      ],
      "/Users/urielvalle/Projects/login-api/app/controllers/bands_controller.rb": [
        null,
        null,
        0,
        0,
        0,
        null,
        0,
        0,
        null,
        0,
        0,
        null,
        0,
        0,
        0,
        null,
        0,
        0,
        null,
        0,
        0,
        0,
        0,
        0,
        0,
        null,
        0,
        0,
        0,
        0,
        0,
        0,
        0,
        null,
        0,
        0,
        0,
        null,
        0,
        null,
        0,
        0,
        0,
        null,
        0,
        0,
        0,
        0
      ],
      "/Users/urielvalle/Projects/login-api/app/controllers/users_controller.rb": [
        null,
        null,
        0,
        0,
        null,
        0,
        0,
        0,
        0,
        0,
        0,
        0,
        0,
        0,
        null,
        0,
        0,
        0,
        0,
        null,
        0,
        0,
        0,
        0,
        0,
        0,
        0,
        0,
        0,
        null,
        0,
        null,
        0,
        0,
        0,
        0
      ],
      "/Users/urielvalle/Projects/login-api/app/jobs/application_job.rb": [
        0,
        null,
        null,
        null,
        null,
        null,
        0
      ],
      "/Users/urielvalle/Projects/login-api/app/mailers/application_mailer.rb": [
        0,
        0,
        0,
        0
      ],
      "/Users/urielvalle/Projects/login-api/app/models/application_record.rb": [
        0,
        0,
        0
      ],
      "/Users/urielvalle/Projects/login-api/app/models/band.rb": [
        0,
        0,
        0,
        0
      ],
      "/Users/urielvalle/Projects/login-api/app/models/user.rb": [
        null,
        null,
        0,
        0,
        0,
        null,
        0,
        0,
        0,
        0
      ]
    },
    "timestamp": 1675423627
  }
}
